SingleResturant/app/build/outputs/logs/manifest-merger-release-report.txt
-- Merging decision tree log ---
manifest
ADDED from src\main\AndroidManifest.xml:2:1-179:12
INJECTED from src\main\AndroidManifest.xml:2:1-179:12
INJECTED from src\main\AndroidManifest.xml:2:1-179:12
INJECTED from src\main\AndroidManifest.xml:2:1-179:12
MERGED from [com.google.android.gms:play-services:12.0.1] AndroidManifest.xml:2:1-6:12
MERGED from [com.google.android.gms:play-services-ads:12.0.1] AndroidManifest.xml:17:1-25:12
MERGED from [com.google.android.gms:play-services-wallet:12.0.1] AndroidManifest.xml:17:1-22:12
MERGED from [com.google.android.gms:play-services-identity:12.0.1] AndroidManifest.xml:17:1-24:12
MERGED from [com.google.android.gms:play-services-gcm:12.0.1] AndroidManifest.xml:17:1-28:12
MERGED from [com.google.android.gms:play-services-awareness:12.0.1] AndroidManifest.xml:17:1-24:12
MERGED from [com.google.android.gms:play-services-places:12.0.1] AndroidManifest.xml:17:1-24:12
MERGED from [com.google.android.gms:play-services-maps:12.0.1] AndroidManifest.xml:17:1-32:12
MERGED from [com.google.android.gms:play-services-cast-framework:12.0.1] AndroidManifest.xml:2:1-14:12
MERGED from [com.google.android.gms:play-services-cast:12.0.1] AndroidManifest.xml:17:1-24:12
MERGED from [com.android.support:mediarouter-v7:26.1.0] AndroidManifest.xml:17:1-28:12
MERGED from [com.android.support:appcompat-v7:28.0.0] AndroidManifest.xml:17:1-22:12
MERGED from [com.google.android.gms:play-services-ads-lite:12.0.1] AndroidManifest.xml:17:1-36:12
MERGED from [com.google.android.gms:play-services-analytics:12.0.1] AndroidManifest.xml:17:1-47:12
MERGED from [com.google.android.gms:play-services-tagmanager:12.0.1] AndroidManifest.xml:17:1-22:12
MERGED from [com.google.android.gms:play-services-tagmanager-v4-impl:12.0.1] AndroidManifest.xml:17:1-24:12
MERGED from [com.google.android.gms:play-services-analytics-impl:12.0.1] AndroidManifest.xml:17:1-31:12
MERGED from [com.google.android.gms:play-services-appinvite:12.0.1] AndroidManifest.xml:17:1-37:12
MERGED from [com.google.android.gms:play-services-auth:12.0.1] AndroidManifest.xml:17:1-39:12
MERGED from [com.google.android.gms:play-services-auth-api-phone:12.0.1] AndroidManifest.xml:2:1-7:12
MERGED from [com.google.android.gms:play-services-auth-base:12.0.1] AndroidManifest.xml:2:1-7:12
MERGED from [com.google.firebase:firebase-config:12.0.1] AndroidManifest.xml:17:1-24:12
MERGED from [com.google.android.gms:play-services-games:12.0.1] AndroidManifest.xml:17:1-24:12
MERGED from [com.google.android.gms:play-services-drive:12.0.1] AndroidManifest.xml:17:1-24:12
MERGED from [com.google.android.gms:play-services-fido:12.0.1] AndroidManifest.xml:2:1-10:12
MERGED from [com.google.firebase:firebase-auth:12.0.1] AndroidManifest.xml:17:1-32:12
MERGED from [com.google.firebase:firebase-dynamic-links:12.0.1] AndroidManifest.xml:2:1-9:12
MERGED from [com.google.android.gms:play-services-fitness:12.0.1] AndroidManifest.xml:17:1-24:12
MERGED from [com.google.firebase:firebase-appindexing:12.0.1] AndroidManifest.xml:17:1-24:12
MERGED from [com.google.android.gms:play-services-iid:12.0.1] AndroidManifest.xml:17:1-28:12
MERGED from [com.google.android.gms:play-services-instantapps:12.0.1] AndroidManifest.xml:2:1-7:12
MERGED from [com.google.android.gms:play-services-location:12.0.1] AndroidManifest.xml:2:1-9:12
MERGED from [com.google.android.gms:play-services-nearby:12.0.1] AndroidManifest.xml:2:1-11:12
MERGED from [com.google.android.gms:play-services-panorama:12.0.1] AndroidManifest.xml:17:1-24:12
MERGED from [com.google.android.gms:play-services-plus:12.0.1] AndroidManifest.xml:17:1-24:12
MERGED from [com.google.android.gms:play-services-safetynet:12.0.1] AndroidManifest.xml:17:1-24:12
MERGED from [com.google.android.gms:play-services-vision:12.0.1] AndroidManifest.xml:2:1-9:12
MERGED from [com.google.android.gms:play-services-vision-common:12.0.1] AndroidManifest.xml:2:1-9:12
MERGED from [com.google.android.gms:play-services-wearable:12.0.1] AndroidManifest.xml:17:1-24:12
MERGED from [com.google.android.gms:play-services-base:12.0.1] AndroidManifest.xml:17:1-29:12
MERGED from [com.google.firebase:firebase-crash:12.0.1] AndroidManifest.xml:17:1-27:12
MERGED from [com.google.firebase:firebase-database:12.0.1] AndroidManifest.xml:2:1-8:12
MERGED from [com.google.firebase:firebase-database-connection:12.0.1] AndroidManifest.xml:2:1-8:12
MERGED from [com.google.firebase:firebase-messaging:12.0.1] AndroidManifest.xml:17:1-37:12
MERGED from [com.google.android.gms:play-services-tagmanager-api:12.0.1] AndroidManifest.xml:17:1-47:12
MERGED from [com.google.firebase:firebase-analytics:12.0.1] AndroidManifest.xml:17:1-54:12
MERGED from [com.google.firebase:firebase-analytics-impl:12.0.1] AndroidManifest.xml:17:1-40:12
MERGED from [com.google.firebase:firebase-iid:12.0.1] AndroidManifest.xml:17:1-59:12
MERGED from [com.google.firebase:firebase-storage:12.0.1] AndroidManifest.xml:2:1-8:12
MERGED from [com.google.firebase:firebase-storage-common:12.0.1] AndroidManifest.xml:2:1-8:12
MERGED from [com.google.firebase:firebase-common:12.0.1] AndroidManifest.xml:2:1-15:12
MERGED from [com.google.android.gms:play-services-gass:12.0.1] AndroidManifest.xml:2:1-9:12
MERGED from [com.google.android.gms:play-services-tasks:12.0.1] AndroidManifest.xml:2:1-9:12
MERGED from [com.google.android.gms:play-services-basement:12.0.1] AndroidManifest.xml:17:1-28:12
MERGED from [com.android.support:support-v4:28.0.0] AndroidManifest.xml:17:1-22:12
MERGED from [com.android.support:multidex:1.0.3] AndroidManifest.xml:17:1-22:12
MERGED from [com.google.android.gms:play-services-ads-license:12.0.1] AndroidManifest.xml:17:1-24:12
MERGED from [com.google.android.gms:play-services-identity-license:12.0.1] AndroidManifest.xml:17:1-24:12
MERGED from [com.google.android.gms:play-services-gcm-license:12.0.1] AndroidManifest.xml:17:1-24:12
MERGED from [com.google.android.gms:play-services-maps-license:12.0.1] AndroidManifest.xml:17:1-24:12
MERGED from [com.android.support:support-fragment:28.0.0] AndroidManifest.xml:17:1-22:12
MERGED from [com.android.support:animated-vector-drawable:28.0.0] AndroidManifest.xml:17:1-22:12
MERGED from [com.android.support:support-core-ui:28.0.0] AndroidManifest.xml:17:1-22:12
MERGED from [com.android.support:palette-v7:26.1.0] AndroidManifest.xml:17:1-28:12
MERGED from [com.android.support:support-core-utils:28.0.0] AndroidManifest.xml:17:1-22:12
MERGED from [com.android.support:support-vector-drawable:28.0.0] AndroidManifest.xml:17:1-22:12
MERGED from [com.android.support:support-media-compat:28.0.0] AndroidManifest.xml:17:1-22:12
MERGED from [com.android.support:loader:28.0.0] AndroidManifest.xml:17:1-22:12
MERGED from [com.android.support:viewpager:28.0.0] AndroidManifest.xml:17:1-22:12
MERGED from [com.android.support:coordinatorlayout:28.0.0] AndroidManifest.xml:17:1-22:12
MERGED from [com.android.support:drawerlayout:28.0.0] AndroidManifest.xml:17:1-22:12
MERGED from [com.android.support:slidingpanelayout:28.0.0] AndroidManifest.xml:17:1-22:12
MERGED from [com.android.support:customview:28.0.0] AndroidManifest.xml:17:1-22:12
MERGED from [com.android.support:swiperefreshlayout:28.0.0] AndroidManifest.xml:17:1-22:12
MERGED from [com.android.support:asynclayoutinflater:28.0.0] AndroidManifest.xml:17:1-22:12
MERGED from [com.android.support:support-compat:28.0.0] AndroidManifest.xml:17:1-24:12
MERGED from [com.android.support:versionedparcelable:28.0.0] AndroidManifest.xml:17:1-25:12
MERGED from [com.android.support:cursoradapter:28.0.0] AndroidManifest.xml:17:1-22:12
MERGED from [android.arch.lifecycle:runtime:1.1.1] AndroidManifest.xml:17:1-22:12
MERGED from [com.android.support:documentfile:28.0.0] AndroidManifest.xml:17:1-22:12
MERGED from [com.android.support:localbroadcastmanager:28.0.0] AndroidManifest.xml:17:1-22:12
MERGED from [com.android.support:print:28.0.0] AndroidManifest.xml:17:1-22:12
MERGED from [android.arch.lifecycle:viewmodel:1.1.1] AndroidManifest.xml:17:1-22:12
MERGED from [com.android.support:interpolator:28.0.0] AndroidManifest.xml:17:1-22:12
MERGED from [android.arch.lifecycle:livedata:1.1.1] AndroidManifest.xml:17:1-22:12
MERGED from [android.arch.lifecycle:livedata-core:1.1.1] AndroidManifest.xml:17:1-22:12
MERGED from [android.arch.core:runtime:1.1.1] AndroidManifest.xml:17:1-22:12
MERGED from [com.google.android.gms:play-services-ads-lite-license:12.0.1] AndroidManifest.xml:17:1-24:12
MERGED from [com.google.android.gms:play-services-analytics-license:12.0.1] AndroidManifest.xml:17:1-24:12
MERGED from [com.google.android.gms:play-services-analytics-impl-license:12.0.1] AndroidManifest.xml:17:1-24:12
MERGED from [com.google.android.gms:play-services-appinvite-license:12.0.1] AndroidManifest.xml:17:1-24:12
MERGED from [com.google.android.gms:play-services-auth-api-phone-license:12.0.1] AndroidManifest.xml:17:1-24:12
MERGED from [com.google.android.gms:play-services-auth-base-license:12.0.1] AndroidManifest.xml:17:1-24:12
MERGED from [com.google.android.gms:play-services-base-license:12.0.1] AndroidManifest.xml:17:1-24:12
MERGED from [com.google.android.gms:play-services-cast-framework-license:12.0.1] AndroidManifest.xml:17:1-24:12
MERGED from [com.google.android.gms:play-services-cast-license:12.0.1] AndroidManifest.xml:17:1-24:12
MERGED from [com.google.android.gms:play-services-basement-license:12.0.1] AndroidManifest.xml:17:1-24:12
MERGED from [com.google.firebase:firebase-config-license:12.0.1] AndroidManifest.xml:17:1-24:12
MERGED from [com.google.android.gms:play-services-awareness-license:12.0.1] AndroidManifest.xml:17:1-24:12
MERGED from [com.google.firebase:firebase-crash-license:12.0.1] AndroidManifest.xml:17:1-24:12
MERGED from [com.google.android.gms:play-services-drive-license:12.0.1] AndroidManifest.xml:17:1-24:12
MERGED from [com.google.android.gms:play-services-fido-license:12.0.1] AndroidManifest.xml:17:1-24:12
MERGED from [com.google.firebase:firebase-auth-license:12.0.1] AndroidManifest.xml:17:1-24:12
MERGED from [com.google.firebase:firebase-database-connection-license:12.0.1] AndroidManifest.xml:17:1-24:12
MERGED from [com.google.firebase:firebase-database-license:12.0.1] AndroidManifest.xml:17:1-24:12
MERGED from [com.google.firebase:firebase-dynamic-links-license:12.0.1] AndroidManifest.xml:17:1-24:12
MERGED from [com.google.firebase:firebase-iid-license:12.0.1] AndroidManifest.xml:17:1-24:12
MERGED from [com.google.firebase:firebase-messaging-license:12.0.1] AndroidManifest.xml:17:1-24:12
MERGED from [com.google.firebase:firebase-storage-license:12.0.1] AndroidManifest.xml:17:1-24:12
MERGED from [com.google.firebase:firebase-storage-common-license:12.0.1] AndroidManifest.xml:17:1-24:12
MERGED from [com.google.firebase:firebase-common-license:12.0.1] AndroidManifest.xml:17:1-24:12
MERGED from [com.google.android.gms:play-services-fitness-license:12.0.1] AndroidManifest.xml:17:1-24:12
MERGED from [com.google.android.gms:play-services-games-license:12.0.1] AndroidManifest.xml:17:1-24:12
MERGED from [com.google.android.gms:play-services-gass-license:12.0.1] AndroidManifest.xml:17:1-24:12
MERGED from [com.google.firebase:firebase-appindexing-license:12.0.1] AndroidManifest.xml:17:1-24:12
MERGED from [com.google.android.gms:play-services-iid-license:12.0.1] AndroidManifest.xml:17:1-24:12
MERGED from [com.google.android.gms:play-services-instantapps-license:12.0.1] AndroidManifest.xml:17:1-24:12
MERGED from [com.google.android.gms:play-services-location-license:12.0.1] AndroidManifest.xml:17:1-24:12
MERGED from [com.google.firebase:firebase-analytics-license:12.0.1] AndroidManifest.xml:17:1-24:12
MERGED from [com.google.firebase:firebase-analytics-impl-license:12.0.1] AndroidManifest.xml:17:1-24:12
MERGED from [com.google.android.gms:play-services-nearby-license:12.0.1] AndroidManifest.xml:17:1-24:12
MERGED from [com.google.android.gms:play-services-panorama-license:12.0.1] AndroidManifest.xml:17:1-24:12
MERGED from [com.google.android.gms:play-services-places-license:12.0.1] AndroidManifest.xml:17:1-24:12
MERGED from [com.google.android.gms:play-services-plus-license:12.0.1] AndroidManifest.xml:17:1-24:12
MERGED from [com.google.android.gms:play-services-safetynet-license:12.0.1] AndroidManifest.xml:17:1-24:12
MERGED from [com.google.android.gms:play-services-tagmanager-api-license:12.0.1] AndroidManifest.xml:17:1-24:12
MERGED from [com.google.android.gms:play-services-tagmanager-license:12.0.1] AndroidManifest.xml:17:1-24:12
MERGED from [com.google.android.gms:play-services-tagmanager-v4-impl-license:12.0.1] AndroidManifest.xml:17:1-24:12
MERGED from [com.google.android.gms:play-services-tasks-license:12.0.1] AndroidManifest.xml:17:1-24:12
MERGED from [com.google.android.gms:play-services-vision-common-license:12.0.1] AndroidManifest.xml:17:1-24:12
MERGED from [com.google.android.gms:play-services-vision-license:12.0.1] AndroidManifest.xml:17:1-24:12
MERGED from [com.google.android.gms:play-services-wallet-license:12.0.1] AndroidManifest.xml:17:1-24:12
MERGED from [com.google.android.gms:play-services-wearable-license:12.0.1] AndroidManifest.xml:17:1-24:12
INJECTED from src\main\AndroidManifest.xml:2:1-179:12
INJECTED from src\main\AndroidManifest.xml:2:1-179:12
INJECTED from src\main\AndroidManifest.xml:2:1-179:12
	package
		ADDED from src\main\AndroidManifest.xml:3:5-36
		INJECTED from src\main\AndroidManifest.xml
		INJECTED from src\main\AndroidManifest.xml
	android:versionName
		ADDED from src\main\AndroidManifest.xml:5:5-30
		INJECTED from src\main\AndroidManifest.xml
		INJECTED from src\main\AndroidManifest.xml
	xmlns:android
		ADDED from src\main\AndroidManifest.xml:2:11-69
	android:versionCode
		ADDED from src\main\AndroidManifest.xml:4:5-28
		INJECTED from src\main\AndroidManifest.xml
		INJECTED from src\main\AndroidManifest.xml
permission#com.androidbunch.drawroutev2.permission.MAPS_RECEIVE
ADDED from src\main\AndroidManifest.xml:11:5-13:47
	android:protectionLevel
		ADDED from src\main\AndroidManifest.xml:13:9-44
	android:name
		ADDED from src\main\AndroidManifest.xml:12:9-76
uses-feature#0x00020000
ADDED from src\main\AndroidManifest.xml:15:5-17:35
MERGED from [com.google.android.gms:play-services-maps:12.0.1] AndroidManifest.xml:26:5-28:35
MERGED from [com.google.android.gms:play-services-maps:12.0.1] AndroidManifest.xml:26:5-28:35
	android:glEsVersion
		ADDED from src\main\AndroidManifest.xml:16:9-41
	android:required
		ADDED from src\main\AndroidManifest.xml:17:9-32
uses-permission#com.androidbunch.drawroutev2.permission.MAPS_RECEIVE
ADDED from src\main\AndroidManifest.xml:19:5-92
	android:name
		ADDED from src\main\AndroidManifest.xml:19:22-89
uses-permission#android.permission.INTERNET
ADDED from src\main\AndroidManifest.xml:20:5-67
MERGED from [com.google.android.gms:play-services-gcm:12.0.1] AndroidManifest.xml:24:5-67
MERGED from [com.google.android.gms:play-services-gcm:12.0.1] AndroidManifest.xml:24:5-67
MERGED from [com.google.android.gms:play-services-maps:12.0.1] AndroidManifest.xml:24:5-67
MERGED from [com.google.android.gms:play-services-maps:12.0.1] AndroidManifest.xml:24:5-67
MERGED from [com.google.android.gms:play-services-ads-lite:12.0.1] AndroidManifest.xml:23:5-67
MERGED from [com.google.android.gms:play-services-ads-lite:12.0.1] AndroidManifest.xml:23:5-67
MERGED from [com.google.android.gms:play-services-analytics:12.0.1] AndroidManifest.xml:23:5-67
MERGED from [com.google.android.gms:play-services-analytics:12.0.1] AndroidManifest.xml:23:5-67
MERGED from [com.google.android.gms:play-services-analytics-impl:12.0.1] AndroidManifest.xml:23:5-67
MERGED from [com.google.android.gms:play-services-analytics-impl:12.0.1] AndroidManifest.xml:23:5-67
MERGED from [com.google.android.gms:play-services-appinvite:12.0.1] AndroidManifest.xml:22:5-67
MERGED from [com.google.android.gms:play-services-appinvite:12.0.1] AndroidManifest.xml:22:5-67
MERGED from [com.google.android.gms:play-services-iid:12.0.1] AndroidManifest.xml:24:5-67
MERGED from [com.google.android.gms:play-services-iid:12.0.1] AndroidManifest.xml:24:5-67
MERGED from [com.google.firebase:firebase-crash:12.0.1] AndroidManifest.xml:22:5-67
MERGED from [com.google.firebase:firebase-crash:12.0.1] AndroidManifest.xml:22:5-67
MERGED from [com.google.android.gms:play-services-tagmanager-api:12.0.1] AndroidManifest.xml:23:5-67
MERGED from [com.google.android.gms:play-services-tagmanager-api:12.0.1] AndroidManifest.xml:23:5-67
MERGED from [com.google.firebase:firebase-analytics:12.0.1] AndroidManifest.xml:23:5-67
MERGED from [com.google.firebase:firebase-analytics:12.0.1] AndroidManifest.xml:23:5-67
MERGED from [com.google.firebase:firebase-analytics-impl:12.0.1] AndroidManifest.xml:23:5-67
MERGED from [com.google.firebase:firebase-analytics-impl:12.0.1] AndroidManifest.xml:23:5-67
MERGED from [com.google.firebase:firebase-iid:12.0.1] AndroidManifest.xml:23:5-67
MERGED from [com.google.firebase:firebase-iid:12.0.1] AndroidManifest.xml:23:5-67
	android:name
		ADDED from src\main\AndroidManifest.xml:20:22-64
uses-permission#com.google.android.providers.gsf.permission.READ_GSERVICES
ADDED from src\main\AndroidManifest.xml:21:5-98
	android:name
		ADDED from src\main\AndroidManifest.xml:21:22-95
uses-permission#android.permission.ACCESS_COARSE_LOCATION
ADDED from src\main\AndroidManifest.xml:22:5-81
	android:name
		ADDED from src\main\AndroidManifest.xml:22:22-78
uses-permission#android.permission.ACCESS_NETWORK_STATE
ADDED from src\main\AndroidManifest.xml:23:5-79
MERGED from [com.google.android.gms:play-services-maps:12.0.1] AndroidManifest.xml:23:5-79
MERGED from [com.google.android.gms:play-services-maps:12.0.1] AndroidManifest.xml:23:5-79
MERGED from [com.google.android.gms:play-services-ads-lite:12.0.1] AndroidManifest.xml:24:5-79
MERGED from [com.google.android.gms:play-services-ads-lite:12.0.1] AndroidManifest.xml:24:5-79
MERGED from [com.google.android.gms:play-services-analytics:12.0.1] AndroidManifest.xml:24:5-79
MERGED from [com.google.android.gms:play-services-analytics:12.0.1] AndroidManifest.xml:24:5-79
MERGED from [com.google.android.gms:play-services-analytics-impl:12.0.1] AndroidManifest.xml:24:5-79
MERGED from [com.google.android.gms:play-services-analytics-impl:12.0.1] AndroidManifest.xml:24:5-79
MERGED from [com.google.android.gms:play-services-nearby:12.0.1] AndroidManifest.xml:7:5-79
MERGED from [com.google.android.gms:play-services-nearby:12.0.1] AndroidManifest.xml:7:5-79
MERGED from [com.google.android.gms:play-services-tagmanager-api:12.0.1] AndroidManifest.xml:24:5-79
MERGED from [com.google.android.gms:play-services-tagmanager-api:12.0.1] AndroidManifest.xml:24:5-79
MERGED from [com.google.firebase:firebase-analytics:12.0.1] AndroidManifest.xml:24:5-79
MERGED from [com.google.firebase:firebase-analytics:12.0.1] AndroidManifest.xml:24:5-79
MERGED from [com.google.firebase:firebase-analytics-impl:12.0.1] AndroidManifest.xml:24:5-79
MERGED from [com.google.firebase:firebase-analytics-impl:12.0.1] AndroidManifest.xml:24:5-79
MERGED from [com.google.firebase:firebase-iid:12.0.1] AndroidManifest.xml:22:5-79
MERGED from [com.google.firebase:firebase-iid:12.0.1] AndroidManifest.xml:22:5-79
	android:name
		ADDED from src\main\AndroidManifest.xml:23:22-76
uses-permission#android.permission.ACCESS_FINE_LOCATION
ADDED from src\main\AndroidManifest.xml:24:5-79
	android:name
		ADDED from src\main\AndroidManifest.xml:24:22-76
uses-permission#android.permission.WAKE_LOCK
ADDED from src\main\AndroidManifest.xml:25:5-68
MERGED from [com.google.android.gms:play-services-analytics:12.0.1] AndroidManifest.xml:27:5-68
MERGED from [com.google.android.gms:play-services-analytics:12.0.1] AndroidManifest.xml:27:5-68
MERGED from [com.google.android.gms:play-services-analytics-impl:12.0.1] AndroidManifest.xml:27:5-68
MERGED from [com.google.android.gms:play-services-analytics-impl:12.0.1] AndroidManifest.xml:27:5-68
MERGED from [com.google.firebase:firebase-analytics:12.0.1] AndroidManifest.xml:25:5-68
MERGED from [com.google.firebase:firebase-analytics:12.0.1] AndroidManifest.xml:25:5-68
MERGED from [com.google.firebase:firebase-analytics-impl:12.0.1] AndroidManifest.xml:25:5-68
MERGED from [com.google.firebase:firebase-analytics-impl:12.0.1] AndroidManifest.xml:25:5-68
MERGED from [com.google.firebase:firebase-iid:12.0.1] AndroidManifest.xml:24:5-68
MERGED from [com.google.firebase:firebase-iid:12.0.1] AndroidManifest.xml:24:5-68
	android:name
		ADDED from src\main\AndroidManifest.xml:25:22-65
uses-permission#android.permission.WRITE_EXTERNAL_STORAGE
ADDED from src\main\AndroidManifest.xml:26:5-81
	android:name
		ADDED from src\main\AndroidManifest.xml:26:22-78
uses-permission#android.permission.ACCESS_WIFI_STATE
ADDED from src\main\AndroidManifest.xml:27:5-75
	android:name
		ADDED from src\main\AndroidManifest.xml:27:22-73
permission#khanaKhazana.ashadeep.permission.C2D_MESSAGE
ADDED from src\main\AndroidManifest.xml:29:5-31:47
MERGED from [com.google.firebase:firebase-iid:12.0.1] AndroidManifest.xml:28:5-30:47
	android:protectionLevel
		ADDED from src\main\AndroidManifest.xml:31:9-44
	android:name
		ADDED from src\main\AndroidManifest.xml:30:9-68
uses-permission#khanaKhazana.ashadeep.permission.C2D_MESSAGE
ADDED from src\main\AndroidManifest.xml:33:5-84
MERGED from [com.google.firebase:firebase-iid:12.0.1] AndroidManifest.xml:32:5-79
	android:name
		ADDED from src\main\AndroidManifest.xml:33:22-81
uses-permission#com.google.android.c2dm.permission.RECEIVE
ADDED from src\main\AndroidManifest.xml:36:5-82
MERGED from [com.google.android.gms:play-services-gcm:12.0.1] AndroidManifest.xml:23:5-82
MERGED from [com.google.android.gms:play-services-gcm:12.0.1] AndroidManifest.xml:23:5-82
MERGED from [com.google.android.gms:play-services-iid:12.0.1] AndroidManifest.xml:23:5-82
MERGED from [com.google.android.gms:play-services-iid:12.0.1] AndroidManifest.xml:23:5-82
MERGED from [com.google.firebase:firebase-iid:12.0.1] AndroidManifest.xml:26:5-82
MERGED from [com.google.firebase:firebase-iid:12.0.1] AndroidManifest.xml:26:5-82
	android:name
		ADDED from src\main\AndroidManifest.xml:36:22-79
uses-permission#android.permission.VIBRATE
ADDED from src\main\AndroidManifest.xml:39:5-66
	android:name
		ADDED from src\main\AndroidManifest.xml:39:22-63
application
ADDED from src\main\AndroidManifest.xml:41:5-177:19
MERGED from [com.google.android.gms:play-services:12.0.1] AndroidManifest.xml:5:5-20
MERGED from [com.google.android.gms:play-services:12.0.1] AndroidManifest.xml:5:5-20
MERGED from [com.google.android.gms:play-services-identity:12.0.1] AndroidManifest.xml:22:5-20
MERGED from [com.google.android.gms:play-services-identity:12.0.1] AndroidManifest.xml:22:5-20
MERGED from [com.google.android.gms:play-services-gcm:12.0.1] AndroidManifest.xml:26:5-20
MERGED from [com.google.android.gms:play-services-gcm:12.0.1] AndroidManifest.xml:26:5-20
MERGED from [com.google.android.gms:play-services-awareness:12.0.1] AndroidManifest.xml:22:5-20
MERGED from [com.google.android.gms:play-services-awareness:12.0.1] AndroidManifest.xml:22:5-20
MERGED from [com.google.android.gms:play-services-places:12.0.1] AndroidManifest.xml:22:5-20
MERGED from [com.google.android.gms:play-services-places:12.0.1] AndroidManifest.xml:22:5-20
MERGED from [com.google.android.gms:play-services-maps:12.0.1] AndroidManifest.xml:30:5-20
MERGED from [com.google.android.gms:play-services-maps:12.0.1] AndroidManifest.xml:30:5-20
MERGED from [com.google.android.gms:play-services-cast-framework:12.0.1] AndroidManifest.xml:7:5-12:19
MERGED from [com.google.android.gms:play-services-cast-framework:12.0.1] AndroidManifest.xml:7:5-12:19
MERGED from [com.google.android.gms:play-services-cast:12.0.1] AndroidManifest.xml:22:5-20
MERGED from [com.google.android.gms:play-services-cast:12.0.1] AndroidManifest.xml:22:5-20
MERGED from [com.android.support:mediarouter-v7:26.1.0] AndroidManifest.xml:22:5-26:19
MERGED from [com.android.support:mediarouter-v7:26.1.0] AndroidManifest.xml:22:5-26:19
MERGED from [com.google.android.gms:play-services-ads-lite:12.0.1] AndroidManifest.xml:26:5-34:19
MERGED from [com.google.android.gms:play-services-ads-lite:12.0.1] AndroidManifest.xml:26:5-34:19
MERGED from [com.google.android.gms:play-services-analytics:12.0.1] AndroidManifest.xml:29:5-45:19
MERGED from [com.google.android.gms:play-services-analytics:12.0.1] AndroidManifest.xml:29:5-45:19
MERGED from [com.google.android.gms:play-services-tagmanager-v4-impl:12.0.1] AndroidManifest.xml:22:5-20
MERGED from [com.google.android.gms:play-services-tagmanager-v4-impl:12.0.1] AndroidManifest.xml:22:5-20
MERGED from [com.google.android.gms:play-services-analytics-impl:12.0.1] AndroidManifest.xml:29:5-20
MERGED from [com.google.android.gms:play-services-analytics-impl:12.0.1] AndroidManifest.xml:29:5-20
MERGED from [com.google.android.gms:play-services-appinvite:12.0.1] AndroidManifest.xml:24:5-35:19
MERGED from [com.google.android.gms:play-services-appinvite:12.0.1] AndroidManifest.xml:24:5-35:19
MERGED from [com.google.android.gms:play-services-auth:12.0.1] AndroidManifest.xml:22:5-37:19
MERGED from [com.google.android.gms:play-services-auth:12.0.1] AndroidManifest.xml:22:5-37:19
MERGED from [com.google.firebase:firebase-config:12.0.1] AndroidManifest.xml:22:5-20
MERGED from [com.google.firebase:firebase-config:12.0.1] AndroidManifest.xml:22:5-20
MERGED from [com.google.android.gms:play-services-games:12.0.1] AndroidManifest.xml:22:5-20
MERGED from [com.google.android.gms:play-services-games:12.0.1] AndroidManifest.xml:22:5-20
MERGED from [com.google.android.gms:play-services-drive:12.0.1] AndroidManifest.xml:22:5-20
MERGED from [com.google.android.gms:play-services-drive:12.0.1] AndroidManifest.xml:22:5-20
MERGED from [com.google.android.gms:play-services-fido:12.0.1] AndroidManifest.xml:7:5-8:19
MERGED from [com.google.android.gms:play-services-fido:12.0.1] AndroidManifest.xml:7:5-8:19
MERGED from [com.google.firebase:firebase-auth:12.0.1] AndroidManifest.xml:22:5-30:19
MERGED from [com.google.firebase:firebase-auth:12.0.1] AndroidManifest.xml:22:5-30:19
MERGED from [com.google.firebase:firebase-dynamic-links:12.0.1] AndroidManifest.xml:7:5-20
MERGED from [com.google.firebase:firebase-dynamic-links:12.0.1] AndroidManifest.xml:7:5-20
MERGED from [com.google.android.gms:play-services-fitness:12.0.1] AndroidManifest.xml:22:5-20
MERGED from [com.google.android.gms:play-services-fitness:12.0.1] AndroidManifest.xml:22:5-20
MERGED from [com.google.firebase:firebase-appindexing:12.0.1] AndroidManifest.xml:22:5-20
MERGED from [com.google.firebase:firebase-appindexing:12.0.1] AndroidManifest.xml:22:5-20
MERGED from [com.google.android.gms:play-services-iid:12.0.1] AndroidManifest.xml:26:5-20
MERGED from [com.google.android.gms:play-services-iid:12.0.1] AndroidManifest.xml:26:5-20
MERGED from [com.google.android.gms:play-services-location:12.0.1] AndroidManifest.xml:7:5-20
MERGED from [com.google.android.gms:play-services-location:12.0.1] AndroidManifest.xml:7:5-20
MERGED from [com.google.android.gms:play-services-nearby:12.0.1] AndroidManifest.xml:9:5-20
MERGED from [com.google.android.gms:play-services-nearby:12.0.1] AndroidManifest.xml:9:5-20
MERGED from [com.google.android.gms:play-services-panorama:12.0.1] AndroidManifest.xml:22:5-20
MERGED from [com.google.android.gms:play-services-panorama:12.0.1] AndroidManifest.xml:22:5-20
MERGED from [com.google.android.gms:play-services-plus:12.0.1] AndroidManifest.xml:22:5-20
MERGED from [com.google.android.gms:play-services-plus:12.0.1] AndroidManifest.xml:22:5-20
MERGED from [com.google.android.gms:play-services-safetynet:12.0.1] AndroidManifest.xml:22:5-20
MERGED from [com.google.android.gms:play-services-safetynet:12.0.1] AndroidManifest.xml:22:5-20
MERGED from [com.google.android.gms:play-services-vision:12.0.1] AndroidManifest.xml:7:5-20
MERGED from [com.google.android.gms:play-services-vision:12.0.1] AndroidManifest.xml:7:5-20
MERGED from [com.google.android.gms:play-services-vision-common:12.0.1] AndroidManifest.xml:7:5-20
MERGED from [com.google.android.gms:play-services-vision-common:12.0.1] AndroidManifest.xml:7:5-20
MERGED from [com.google.android.gms:play-services-wearable:12.0.1] AndroidManifest.xml:22:5-20
MERGED from [com.google.android.gms:play-services-wearable:12.0.1] AndroidManifest.xml:22:5-20
MERGED from [com.google.android.gms:play-services-base:12.0.1] AndroidManifest.xml:22:5-27:19
MERGED from [com.google.android.gms:play-services-base:12.0.1] AndroidManifest.xml:22:5-27:19
MERGED from [com.google.firebase:firebase-crash:12.0.1] AndroidManifest.xml:24:5-25:19
MERGED from [com.google.firebase:firebase-crash:12.0.1] AndroidManifest.xml:24:5-25:19
MERGED from [com.google.firebase:firebase-messaging:12.0.1] AndroidManifest.xml:22:5-35:19
MERGED from [com.google.firebase:firebase-messaging:12.0.1] AndroidManifest.xml:22:5-35:19
MERGED from [com.google.android.gms:play-services-tagmanager-api:12.0.1] AndroidManifest.xml:26:5-45:19
MERGED from [com.google.android.gms:play-services-tagmanager-api:12.0.1] AndroidManifest.xml:26:5-45:19
MERGED from [com.google.firebase:firebase-analytics:12.0.1] AndroidManifest.xml:27:5-52:19
MERGED from [com.google.firebase:firebase-analytics:12.0.1] AndroidManifest.xml:27:5-52:19
MERGED from [com.google.firebase:firebase-analytics-impl:12.0.1] AndroidManifest.xml:27:5-38:19
MERGED from [com.google.firebase:firebase-analytics-impl:12.0.1] AndroidManifest.xml:27:5-38:19
MERGED from [com.google.firebase:firebase-iid:12.0.1] AndroidManifest.xml:34:5-57:19
MERGED from [com.google.firebase:firebase-iid:12.0.1] AndroidManifest.xml:34:5-57:19
MERGED from [com.google.firebase:firebase-common:12.0.1] AndroidManifest.xml:7:5-13:19
MERGED from [com.google.firebase:firebase-common:12.0.1] AndroidManifest.xml:7:5-13:19
MERGED from [com.google.android.gms:play-services-gass:12.0.1] AndroidManifest.xml:7:5-20
MERGED from [com.google.android.gms:play-services-gass:12.0.1] AndroidManifest.xml:7:5-20